07:21:57 INFO  - Start test - >testWindowsNewTab
07:21:57 INFO  - Start search ->By.xpath: //div//h5[.='Alerts, Frame & Windows']
07:21:57 INFO  - By.xpath: //div//h5[.='Alerts, Frame & Windows']<- found
07:21:59 INFO  - Start search ->By.xpath: //span[.='Browser Windows']
07:21:59 INFO  - By.xpath: //span[.='Browser Windows']<- found
07:21:59 INFO  - Start search ->By.id: tabButton
07:21:59 INFO  - By.id: tabButton<- found
07:22:01 INFO  - Start search ->By.id: sampleHeading
07:22:01 INFO  - By.id: sampleHeading<- found
07:22:01 INFO  - End of test -> testWindowsNewTab
************************************
07:22:01 INFO  - Start test - >testWindowsNewWidow
07:22:01 INFO  - Start search ->By.xpath: //div//h5[.='Alerts, Frame & Windows']
07:22:11 ERROR - org.openqa.selenium.NoSuchElementException: no such element: Unable to locate element: {"method":"xpath","selector":"//div//h5[.='Alerts, Frame & Windows']"}
  (Session info: chrome=88.0.4324.104)
For documentation on this error, please visit: https://www.seleniumhq.org/exceptions/no_such_element.html
Build info: version: '3.141.59', revision: 'e82be7d358', time: '2018-11-14T08:17:03'
System info: host: 'DESKTOP-I31H4EG', ip: '10.0.0.3', os.name: 'Windows 10', os.arch: 'amd64', os.version: '10.0', java.version: '1.8.0_271'
Driver info: org.openqa.selenium.chrome.ChromeDriver
Capabilities {acceptInsecureCerts: false, browserName: chrome, browserVersion: 88.0.4324.104, chrome: {chromedriverVersion: 88.0.4324.96 (68dba2d8a0b14..., userDataDir: C:\Users\GLEB\AppData\Local...}, goog:chromeOptions: {debuggerAddress: localhost:60769}, javascriptEnabled: true, networkConnectionEnabled: false, pageLoadStrategy: normal, platform: WINDOWS, platformName: WINDOWS, proxy: Proxy(), setWindowRect: true, strictFileInteractability: false, timeouts: {implicit: 0, pageLoad: 300000, script: 30000}, unhandledPromptBehavior: dismiss and notify, webauthn:extension:largeBlob: true, webauthn:virtualAuthenticators: true}
Session ID: 77bf1d23083ff5252465ec46e3c4df81
*** Element info: {Using=xpath, value=//div//h5[.='Alerts, Frame & Windows']}
07:22:12 ERROR - src/test/screenshots/screen-1612243331722.png
07:22:12 INFO  - End of test -> testWindowsNewWidow
************************************
07:22:12 INFO  - End of test -> alertTest
************************************
