19:29:32 INFO  - Start test - >studentRegFormTest
19:29:32 INFO  - Start search ->By.xpath: //div[@class='category-cards']/div[2]
19:29:32 INFO  - By.xpath: //div[@class='category-cards']/div[2]<- found
19:29:32 INFO  - Start search ->By.xpath: //span[.='Practice Form']
19:29:32 INFO  - By.xpath: //span[.='Practice Form']<- found
19:29:32 INFO  - Start search ->By.id: firstName
19:29:32 INFO  - By.id: firstName<- found
19:29:32 INFO  - Start search ->By.id: firstName
19:29:32 INFO  - By.id: firstName<- found
19:29:32 INFO  - Start search ->By.id: firstName
19:29:33 INFO  - By.id: firstName<- found
19:29:33 INFO  - Start search ->By.id: lastName
19:29:33 INFO  - By.id: lastName<- found
19:29:33 INFO  - Start search ->By.id: lastName
19:29:33 INFO  - By.id: lastName<- found
19:29:33 INFO  - Start search ->By.id: lastName
19:29:33 INFO  - By.id: lastName<- found
19:29:33 INFO  - Start search ->By.id: userEmail
19:29:33 INFO  - By.id: userEmail<- found
19:29:33 INFO  - Start search ->By.id: userEmail
19:29:33 INFO  - By.id: userEmail<- found
19:29:33 INFO  - Start search ->By.id: userEmail
19:29:33 INFO  - By.id: userEmail<- found
19:29:33 INFO  - Start search ->By.xpath: //label[@for='gender-radio-1']
19:29:33 INFO  - By.xpath: //label[@for='gender-radio-1']<- found
19:29:33 INFO  - Start search ->By.id: userNumber
19:29:33 INFO  - By.id: userNumber<- found
19:29:33 INFO  - Start search ->By.id: userNumber
19:29:33 INFO  - By.id: userNumber<- found
19:29:34 INFO  - Start search ->By.id: userNumber
19:29:34 INFO  - By.id: userNumber<- found
19:29:34 INFO  - Start search ->By.id: dateOfBirthInput
19:29:34 INFO  - By.id: dateOfBirthInput<- found
19:29:34 INFO  - Start search ->By.cssSelector: .react-datepicker__month-select
19:29:34 INFO  - By.cssSelector: .react-datepicker__month-select<- found
19:29:34 INFO  - Start search ->By.xpath: .//option[normalize-space(.) = "May"]
19:29:34 INFO  - By.xpath: .//option[normalize-space(.) = "May"]<- found
19:29:34 INFO  - Start search ->By.cssSelector: .react-datepicker__year-select
19:29:34 INFO  - By.cssSelector: .react-datepicker__year-select<- found
19:29:34 INFO  - Start search ->By.xpath: .//option[normalize-space(.) = "1990"]
19:29:34 INFO  - By.xpath: .//option[normalize-space(.) = "1990"]<- found
19:29:34 INFO  - Start search ->By.xpath: //div[.='27']
19:29:34 INFO  - By.xpath: //div[.='27']<- found
19:29:34 INFO  - Start search ->By.xpath: //input[@id='subjectsInput']
19:29:34 INFO  - By.xpath: //input[@id='subjectsInput']<- found
19:29:34 INFO  - Start search ->By.xpath: //input[@id='subjectsInput']
19:29:34 INFO  - By.xpath: //input[@id='subjectsInput']<- found
19:29:34 INFO  - Start search ->By.xpath: //input[@id='subjectsInput']
19:29:34 INFO  - By.xpath: //input[@id='subjectsInput']<- found
19:29:34 INFO  - Start search ->By.xpath: //input[@id='subjectsInput']
19:29:34 INFO  - By.xpath: //input[@id='subjectsInput']<- found
19:29:36 INFO  - Start search ->By.cssSelector: label[for='hobbies-checkbox-2']
19:29:36 INFO  - By.cssSelector: label[for='hobbies-checkbox-2']<- found
19:29:36 INFO  - Start search ->By.id: currentAddress
19:29:36 INFO  - By.id: currentAddress<- found
19:29:36 INFO  - Start search ->By.id: react-select-3-input
19:29:36 INFO  - By.id: react-select-3-input<- found
19:29:38 ERROR - org.openqa.selenium.ElementClickInterceptedException: element click intercepted: Element <input autocapitalize="none" autocomplete="off" autocorrect="off" id="react-select-3-input" spellcheck="false" tabindex="0" type="text" aria-autocomplete="list" value="" style="box-sizing: content-box; width: 2px; background: 0px center; border: 0px; font-size: inherit; opacity: 1; outline: 0px; padding: 0px; color: inherit;"> is not clickable at point (745, 574). Other element would receive the click: <div class=" css-1wa3eu0-placeholder">...</div>
  (Session info: chrome=88.0.4324.104)
Build info: version: '3.141.59', revision: 'e82be7d358', time: '2018-11-14T08:17:03'
System info: host: 'DESKTOP-I31H4EG', ip: '10.0.0.3', os.name: 'Windows 10', os.arch: 'amd64', os.version: '10.0', java.version: '1.8.0_271'
Driver info: org.openqa.selenium.chrome.ChromeDriver
Capabilities {acceptInsecureCerts: false, browserName: chrome, browserVersion: 88.0.4324.104, chrome: {chromedriverVersion: 88.0.4324.96 (68dba2d8a0b14..., userDataDir: C:\Users\GLEB\AppData\Local...}, goog:chromeOptions: {debuggerAddress: localhost:52057}, javascriptEnabled: true, networkConnectionEnabled: false, pageLoadStrategy: normal, platform: WINDOWS, platformName: WINDOWS, proxy: Proxy(), setWindowRect: true, strictFileInteractability: false, timeouts: {implicit: 0, pageLoad: 300000, script: 30000}, unhandledPromptBehavior: dismiss and notify, webauthn:extension:largeBlob: true, webauthn:virtualAuthenticators: true}
Session ID: e95aeba3499c6a7be8bff25b2617fe88
19:29:38 ERROR - src/test/screenshots/screen-1611854978010.png
19:29:38 INFO  - Start search ->By.id: react-select-3-input
19:29:38 INFO  - By.id: react-select-3-input<- found
19:29:38 INFO  - Start search ->By.id: react-select-3-input
19:29:38 INFO  - By.id: react-select-3-input<- found
19:29:38 INFO  - Start search ->By.id: react-select-3-input
19:29:38 INFO  - By.id: react-select-3-input<- found
19:29:40 INFO  - Start search ->By.id: react-select-4-input
19:29:40 INFO  - By.id: react-select-4-input<- found
19:29:41 ERROR - org.openqa.selenium.ElementClickInterceptedException: element click intercepted: Element <input autocapitalize="none" autocomplete="off" autocorrect="off" id="react-select-4-input" spellcheck="false" tabindex="0" type="text" aria-autocomplete="list" value="" style="box-sizing: content-box; width: 2px; background: 0px center; border: 0px; font-size: inherit; opacity: 1; outline: 0px; padding: 0px; color: inherit;"> is not clickable at point (1056, 574). Other element would receive the click: <div class=" css-1wa3eu0-placeholder">...</div>
  (Session info: chrome=88.0.4324.104)
Build info: version: '3.141.59', revision: 'e82be7d358', time: '2018-11-14T08:17:03'
System info: host: 'DESKTOP-I31H4EG', ip: '10.0.0.3', os.name: 'Windows 10', os.arch: 'amd64', os.version: '10.0', java.version: '1.8.0_271'
Driver info: org.openqa.selenium.chrome.ChromeDriver
Capabilities {acceptInsecureCerts: false, browserName: chrome, browserVersion: 88.0.4324.104, chrome: {chromedriverVersion: 88.0.4324.96 (68dba2d8a0b14..., userDataDir: C:\Users\GLEB\AppData\Local...}, goog:chromeOptions: {debuggerAddress: localhost:52057}, javascriptEnabled: true, networkConnectionEnabled: false, pageLoadStrategy: normal, platform: WINDOWS, platformName: WINDOWS, proxy: Proxy(), setWindowRect: true, strictFileInteractability: false, timeouts: {implicit: 0, pageLoad: 300000, script: 30000}, unhandledPromptBehavior: dismiss and notify, webauthn:extension:largeBlob: true, webauthn:virtualAuthenticators: true}
Session ID: e95aeba3499c6a7be8bff25b2617fe88
19:29:41 ERROR - src/test/screenshots/screen-1611854981595.png
19:29:41 INFO  - Start search ->By.id: react-select-4-input
19:29:41 INFO  - By.id: react-select-4-input<- found
19:29:41 INFO  - Start search ->By.id: react-select-4-input
19:29:41 INFO  - By.id: react-select-4-input<- found
19:29:42 INFO  - Start search ->By.id: react-select-4-input
19:29:42 INFO  - By.id: react-select-4-input<- found
19:29:50 INFO  - Start search ->By.id: submit
19:29:50 INFO  - By.id: submit<- found
19:29:50 INFO  - End of test -> studentRegFormTest
************************************
