22:56:22 INFO  - Start test - >testWindowsNewTab
22:56:22 INFO  - Start search ->By.xpath: //div//h5[.='Alerts, Frame & Windows']
22:56:22 INFO  - By.xpath: //div//h5[.='Alerts, Frame & Windows']<- found
22:56:25 INFO  - Start search ->By.xpath: //span[.='Browser Windows']
22:56:25 INFO  - By.xpath: //span[.='Browser Windows']<- found
22:56:25 INFO  - Start search ->By.id: tabButton
22:56:25 INFO  - By.id: tabButton<- found
22:56:27 INFO  - Start search ->By.id: sampleHeading
22:56:27 INFO  - By.id: sampleHeading<- found
22:56:29 INFO  - End of test -> testWindowsNewTab
************************************
22:56:29 INFO  - Start test - >alertTest
22:56:29 INFO  - Start search ->By.xpath: //div//h5[.='Alerts, Frame & Windows']
22:56:39 ERROR - org.openqa.selenium.NoSuchElementException: no such element: Unable to locate element: {"method":"xpath","selector":"//div//h5[.='Alerts, Frame & Windows']"}
  (Session info: chrome=88.0.4324.146)
For documentation on this error, please visit: https://www.seleniumhq.org/exceptions/no_such_element.html
Build info: version: '3.141.59', revision: 'e82be7d358', time: '2018-11-14T08:17:03'
System info: host: 'DESKTOP-I31H4EG', ip: '10.0.0.3', os.name: 'Windows 10', os.arch: 'amd64', os.version: '10.0', java.version: '11.0.9.1'
Driver info: org.openqa.selenium.chrome.ChromeDriver
Capabilities {acceptInsecureCerts: false, browserName: chrome, browserVersion: 88.0.4324.146, chrome: {chromedriverVersion: 88.0.4324.96 (68dba2d8a0b14..., userDataDir: C:\Users\GLEB\AppData\Local...}, goog:chromeOptions: {debuggerAddress: localhost:60933}, javascriptEnabled: true, networkConnectionEnabled: false, pageLoadStrategy: normal, platform: WINDOWS, platformName: WINDOWS, proxy: Proxy(), setWindowRect: true, strictFileInteractability: false, timeouts: {implicit: 0, pageLoad: 300000, script: 30000}, unhandledPromptBehavior: dismiss and notify, webauthn:extension:largeBlob: true, webauthn:virtualAuthenticators: true}
Session ID: 1bc072461d7707a6c607ab4a46b72a98
*** Element info: {Using=xpath, value=//div//h5[.='Alerts, Frame & Windows']}
22:56:39 ERROR - src/test/screenshots/screen-1612731399320.png
22:56:39 INFO  - End of test -> alertTest
************************************
22:56:39 INFO  - End of test -> testWindowsNewWidow
************************************
