04:02:11 INFO  - Start test - >textBoxTest
04:02:11 INFO  - Start search ->By.xpath: //h5[contains(.,'Elements')]
04:02:11 INFO  - By.xpath: //h5[contains(.,'Elements')]<- found
04:02:13 INFO  - Start search ->By.xpath: //div[contains(.,'Please select an item from left to start practice.')]
04:02:13 INFO  - By.xpath: //div[contains(.,'Please select an item from left to start practice.')]<- found
04:02:13 INFO  - Start search ->By.xpath: //span[contains(.,'Text Box')]
04:02:13 INFO  - By.xpath: //span[contains(.,'Text Box')]<- found
04:02:13 INFO  - Start search ->By.id: userName
04:02:13 INFO  - By.id: userName<- found
04:02:13 INFO  - Start search ->By.id: userName
04:02:13 INFO  - By.id: userName<- found
04:02:13 INFO  - Start search ->By.id: userName
04:02:13 INFO  - By.id: userName<- found
04:02:13 INFO  - Start search ->By.id: userEmail
04:02:13 INFO  - By.id: userEmail<- found
04:02:14 INFO  - Start search ->By.id: userEmail
04:02:14 INFO  - By.id: userEmail<- found
04:02:14 INFO  - Start search ->By.id: userEmail
04:02:14 INFO  - By.id: userEmail<- found
04:02:14 INFO  - Start search ->By.id: currentAddress
04:02:14 INFO  - By.id: currentAddress<- found
04:02:14 INFO  - Start search ->By.id: currentAddress
04:02:14 INFO  - By.id: currentAddress<- found
04:02:14 INFO  - Start search ->By.id: currentAddress
04:02:14 INFO  - By.id: currentAddress<- found
04:02:14 INFO  - Start search ->By.id: permanentAddress
04:02:14 INFO  - By.id: permanentAddress<- found
04:02:14 INFO  - Start search ->By.id: permanentAddress
04:02:14 INFO  - By.id: permanentAddress<- found
04:02:14 INFO  - Start search ->By.id: permanentAddress
04:02:14 INFO  - By.id: permanentAddress<- found
04:02:14 INFO  - Start search ->By.id: submit
04:02:14 INFO  - By.id: submit<- found
04:02:14 INFO  - Start search ->By.id: //div[@id='output']
04:02:24 INFO  - By.id: //div[@id='output']<- found
04:02:24 INFO  - End of test -> textBoxTest
************************************
