13:31:23 INFO  - Start test - >alertTest
13:31:23 INFO  - Start search ->By.xpath: //div//h5[.='Alerts, Frame & Windows']
13:31:23 INFO  - By.xpath: //div//h5[.='Alerts, Frame & Windows']<- found
13:31:24 INFO  - Start search ->By.xpath: //span[.='Browser Windows']
13:31:24 INFO  - By.xpath: //span[.='Browser Windows']<- found
13:31:24 INFO  - Start search ->By.xpath:  //span[normalize-space()='Alerts']
13:31:24 INFO  - By.xpath:  //span[normalize-space()='Alerts']<- found
13:31:24 INFO  - Start search ->By.id: alertButton
13:31:24 INFO  - By.id: alertButton<- found
13:31:24 INFO  - Start search ->By.id: timerAlertButton
13:31:24 INFO  - By.id: timerAlertButton<- found
13:31:29 INFO  - Start search ->By.id: confirmButton
13:31:29 INFO  - By.id: confirmButton<- found
13:31:29 INFO  - Start search ->By.xpath: //span[@id='confirmResult'][contains(.,'Cancel')]
13:31:29 INFO  - By.xpath: //span[@id='confirmResult'][contains(.,'Cancel')]<- found
13:31:29 INFO  - Start search ->By.id: promtButton
13:31:29 INFO  - By.id: promtButton<- found
13:31:29 INFO  - Start search ->By.xpath: //span[@id='promptResult'][contains(.,'Abb cc gY')]
13:31:29 INFO  - By.xpath: //span[@id='promptResult'][contains(.,'Abb cc gY')]<- found
13:31:29 INFO  - End of test -> alertTest
************************************
